2019-09-24 19:19:28 +0000  Initial pipeline context: <IDEDistributionProcessingPipelineContext: 0x7fa2b93c54c0; archive(resolved)='<IDEArchive: 0x7fa2b7753700>', distributionTask(resolved)='2', distributionDestination(resolved)='1', distributionMethod(resolved)='<IDEDistributionMethodAdHoc: 0x7fa2b940d900>', team(resolved)='<IDEProvisioningDisambiguatableBasicTeam: 0x7fa2b8809760; teamID='PVKX7A2J39', teamName='Mack Sheng', teamType='Individual', username='243212409@qq.com', isFreeProvisioningTeam='0'>'>
	Chain (12, self inclusive):
	<IDEDistributionProcessingPipelineContext: 0x7fa2b93c54c0; archive = '<IDEArchive: 0x7fa2b7753700>', distributionMethod='<IDEDistributionMethodAdHoc: 0x7fa2b940d900>', team='<IDEProvisioningDisambiguatableBasicTeam: 0x7fa2b8809760; teamID='PVKX7A2J39', teamName='Mack Sheng', teamType='Individual', username='243212409@qq.com', isFreeProvisioningTeam='0'>'>
	<IDEDistributionProcessingPipelineContext: 0x7fa2b9625f10; archive = '<IDEArchive: 0x7fa2b7753700>', distributionMethod='<IDEDistributionMethodAdHoc: 0x7fa2b940d900>', team='<IDEProvisioningDisambiguatableBasicTeam: 0x7fa2b8809760; teamID='PVKX7A2J39', teamName='Mack Sheng', teamType='Individual', username='243212409@qq.com', isFreeProvisioningTeam='0'>'>
	<IDEDistributionContext: 0x7fa2b970d1e0; archive = '<IDEArchive: 0x7fa2b7753700>', distributionMethod='<IDEDistributionMethodAdHoc: 0x7fa2b940d900>', team='<IDEProvisioningDisambiguatableBasicTeam: 0x7fa2b8809760; teamID='PVKX7A2J39', teamName='Mack Sheng', teamType='Individual', username='243212409@qq.com', isFreeProvisioningTeam='0'>'>
	<IDEDistributionContext: 0x7fa2b626a770; archive = '<IDEArchive: 0x7fa2b7753700>', distributionMethod='<IDEDistributionMethodAdHoc: 0x7fa2b940d900>', team='<IDEProvisioningDisambiguatableBasicTeam: 0x7fa2b8809760; teamID='PVKX7A2J39', teamName='Mack Sheng', teamType='Individual', username='243212409@qq.com', isFreeProvisioningTeam='0'>'>
	<IDEDistributionContext: 0x7fa2b8e52380; archive = '<IDEArchive: 0x7fa2b7753700>', distributionMethod='<IDEDistributionMethodAdHoc: 0x7fa2b940d900>', team='<IDEProvisioningDisambiguatableBasicTeam: 0x7fa2b8809760; teamID='PVKX7A2J39', teamName='Mack Sheng', teamType='Individual', username='243212409@qq.com', isFreeProvisioningTeam='0'>'>
	<IDEDistributionContext: 0x7fa2b9642ae0; archive = '<IDEArchive: 0x7fa2b7753700>', distributionMethod='<IDEDistributionMethodAdHoc: 0x7fa2b940d900>', team='<IDEProvisioningDisambiguatableBasicTeam: 0x7fa2b8809760; teamID='PVKX7A2J39', teamName='Mack Sheng', teamType='Individual', username='243212409@qq.com', isFreeProvisioningTeam='0'>'>
	<IDEDistributionContext: 0x7fa2b9612a10; archive = '<IDEArchive: 0x7fa2b7753700>', distributionMethod='<IDEDistributionMethodAdHoc: 0x7fa2b940d900>', team='<IDEProvisioningDisambiguatableBasicTeam: 0x7fa2b8809760; teamID='PVKX7A2J39', teamName='Mack Sheng', teamType='Individual', username='243212409@qq.com', isFreeProvisioningTeam='0'>'>
	<IDEDistributionContext: 0x7fa2b985fea0; archive = '<IDEArchive: 0x7fa2b7753700>', distributionMethod='<IDEDistributionMethodAdHoc: 0x7fa2b940d900>', team='<IDEProvisioningDisambiguatableBasicTeam: 0x7fa2b8809760; teamID='PVKX7A2J39', teamName='Mack Sheng', teamType='Individual', username='243212409@qq.com', isFreeProvisioningTeam='0'>'>
	<IDEDistributionContext: 0x7fa2b9615fb0; archive = '<IDEArchive: 0x7fa2b7753700>', distributionMethod='<IDEDistributionMethodAdHoc: 0x7fa2b940d900>', team='<IDEProvisioningDisambiguatableBasicTeam: 0x7fa2b8809760; teamID='PVKX7A2J39', teamName='Mack Sheng', teamType='Individual', username='243212409@qq.com', isFreeProvisioningTeam='0'>'>
	<IDEDistributionContext: 0x7fa2b92f95b0; archive = '<IDEArchive: 0x7fa2b7753700>', distributionMethod='<IDEDistributionMethodAdHoc: 0x7fa2b940d900>', team='(null)'>
	<IDEDistributionContext: 0x7fa2b7117e60; archive = '<IDEArchive: 0x7fa2b7753700>', distributionMethod='<IDEDistributionMethodAdHoc: 0x7fa2b940d900>', team='(null)'>
	<IDEDistributionContext: 0x7fa2b8ef9650; archive = '<IDEArchive: 0x7fa2b7753700>', distributionMethod='(null)', team='(null)'>
</IDEDistributionProcessingPipelineContext: 0x7fa2b93c54c0>
2019-09-24 19:19:28 +0000  Processing step: IDEDistributionCreateDestRootStep
2019-09-24 19:19:28 +0000  Processing step: IDEDistributionCopyItemStep
2019-09-24 19:19:28 +0000  Running /usr/bin/ditto '-V' '/Users/stevensheng/Library/Developer/Xcode/Archives/2019-09-24/Runner 2019-09-24, 3.16 PM.xcarchive/Products/Applications/Runner.app' '/var/folders/kj/k6v74wln2zx4zhv_z7fyzz8h0000gn/T/XcodeDistPipeline.~~~bG8mMJ/Root/Payload/Runner.app'
2019-09-24 19:19:28 +0000  >>> Copying /Users/stevensheng/Library/Developer/Xcode/Archives/2019-09-24/Runner 2019-09-24, 3.16 PM.xcarchive/Products/Applications/Runner.app 
2019-09-24 19:19:28 +0000  copying file ./_CodeSignature/CodeResources ... 
2019-09-24 19:19:28 +0000  17773 bytes for ./_CodeSignature/CodeResources
2019-09-24 19:19:28 +0000  copying file ./AppIcon20x20@2x.png ... 
2019-09-24 19:19:28 +0000  1304 bytes for ./AppIcon20x20@2x.png
2019-09-24 19:19:28 +0000  copying file ./AppIcon20x20@3x.png ... 
2019-09-24 19:19:28 +0000  1883 bytes for ./AppIcon20x20@3x.png
2019-09-24 19:19:28 +0000  copying file ./AppIcon29x29.png ... 
2019-09-24 19:19:28 +0000  1010 bytes for ./AppIcon29x29.png
copying file ./AppIcon60x60@2x.png ... 
2019-09-24 19:19:28 +0000  3364 bytes for ./AppIcon60x60@2x.png
2019-09-24 19:19:28 +0000  copying file ./Runner ... 
2019-09-24 19:19:28 +0000  2642848 bytes for ./Runner
2019-09-24 19:19:28 +0000  copying file ./AppIcon29x29@2x.png ... 
1767 bytes for ./AppIcon29x29@2x.png
copying file ./AppIcon40x40@3x.png ... 
3364 bytes for ./AppIcon40x40@3x.png
copying file ./Debug.xcconfig ... 
2019-09-24 19:19:28 +0000  106 bytes for ./Debug.xcconfig
2019-09-24 19:19:28 +0000  copying file ./AppIcon29x29~ipad.png ... 
2019-09-24 19:19:28 +0000  1010 bytes for ./AppIcon29x29~ipad.png
copying file ./AppIcon40x40@2x.png ... 
2019-09-24 19:19:28 +0000  2389 bytes for ./AppIcon40x40@2x.png
2019-09-24 19:19:28 +0000  copying file ./AppIcon29x29@3x.png ... 
2019-09-24 19:19:28 +0000  2427 bytes for ./AppIcon29x29@3x.png
2019-09-24 19:19:28 +0000  copying file ./AppIcon60x60@3x.png ... 
2019-09-24 19:19:28 +0000  4812 bytes for ./AppIcon60x60@3x.png
2019-09-24 19:19:28 +0000  copying file ./Base.lproj/Main.storyboardc/UIViewController-BYZ-38-t0r.nib ... 
2019-09-24 19:19:28 +0000  923 bytes for ./Base.lproj/Main.storyboardc/UIViewController-BYZ-38-t0r.nib
2019-09-24 19:19:28 +0000  copying file ./Base.lproj/Main.storyboardc/BYZ-38-t0r-view-8bC-Xf-vdC.nib ... 
2019-09-24 19:19:28 +0000  1791 bytes for ./Base.lproj/Main.storyboardc/BYZ-38-t0r-view-8bC-Xf-vdC.nib
2019-09-24 19:19:28 +0000  copying file ./Base.lproj/Main.storyboardc/Info.plist ... 
2019-09-24 19:19:28 +0000  258 bytes for ./Base.lproj/Main.storyboardc/Info.plist
2019-09-24 19:19:28 +0000  copying file ./Base.lproj/LaunchScreen.storyboardc/01J-lp-oVM-view-Ze5-6b-2t3.nib ... 
2019-09-24 19:19:28 +0000  2159 bytes for ./Base.lproj/LaunchScreen.storyboardc/01J-lp-oVM-view-Ze5-6b-2t3.nib
2019-09-24 19:19:28 +0000  copying file ./Base.lproj/LaunchScreen.storyboardc/UIViewController-01J-lp-oVM.nib ... 
2019-09-24 19:19:28 +0000  832 bytes for ./Base.lproj/LaunchScreen.storyboardc/UIViewController-01J-lp-oVM.nib
2019-09-24 19:19:28 +0000  copying file ./Base.lproj/LaunchScreen.storyboardc/Info.plist ... 
2019-09-24 19:19:28 +0000  258 bytes for ./Base.lproj/LaunchScreen.storyboardc/Info.plist
2019-09-24 19:19:28 +0000  copying file ./Assets.car ... 
2019-09-24 19:19:28 +0000  90088 bytes for ./Assets.car
2019-09-24 19:19:28 +0000  copying file ./AppFrameworkInfo.plist ... 
2019-09-24 19:19:28 +0000  376 bytes for ./AppFrameworkInfo.plist
2019-09-24 19:19:28 +0000  copying file ./AppIcon40x40@2x~ipad.png ... 
2019-09-24 19:19:28 +0000  2389 bytes for ./AppIcon40x40@2x~ipad.png
2019-09-24 19:19:28 +0000  copying file ./AppIcon76x76@2x~ipad.png ... 
2019-09-24 19:19:28 +0000  4121 bytes for ./AppIcon76x76@2x~ipad.png
2019-09-24 19:19:28 +0000  copying file ./AppIcon83.5x83.5@2x~ipad.png ... 
2019-09-24 19:19:28 +0000  4539 bytes for ./AppIcon83.5x83.5@2x~ipad.png
copying file ./AppIcon29x29@2x~ipad.png ... 
2019-09-24 19:19:28 +0000  1767 bytes for ./AppIcon29x29@2x~ipad.png
2019-09-24 19:19:28 +0000  copying file ./AppIcon40x40~ipad.png ... 
2019-09-24 19:19:28 +0000  1304 bytes for ./AppIcon40x40~ipad.png
2019-09-24 19:19:28 +0000  copying file ./Frameworks/Flutter.framework/_CodeSignature/CodeResources ... 
2019-09-24 19:19:28 +0000  2084 bytes for ./Frameworks/Flutter.framework/_CodeSignature/CodeResources
2019-09-24 19:19:28 +0000  copying file ./Frameworks/Flutter.framework/icudtl.dat ... 
2019-09-24 19:19:28 +0000  883280 bytes for ./Frameworks/Flutter.framework/icudtl.dat
2019-09-24 19:19:28 +0000  copying file ./Frameworks/Flutter.framework/Flutter ... 
2019-09-24 19:19:28 +0000  59605520 bytes for ./Frameworks/Flutter.framework/Flutter
2019-09-24 19:19:28 +0000  copying file ./Frameworks/Flutter.framework/Info.plist ... 
963 bytes for ./Frameworks/Flutter.framework/Info.plist
copying file ./Frameworks/App.framework/_CodeSignature/CodeResources ... 
5938 bytes for ./Frameworks/App.framework/_CodeSignature/CodeResources
copying file ./Frameworks/App.framework/App ... 
2019-09-24 19:19:28 +0000  10242032 bytes for ./Frameworks/App.framework/App
2019-09-24 19:19:28 +0000  copying file ./Frameworks/App.framework/flutter_assets/LICENSE ... 
736477 bytes for ./Frameworks/App.framework/flutter_assets/LICENSE
copying file ./Frameworks/App.framework/flutter_assets/AssetManifest.json ... 
595 bytes for ./Frameworks/App.framework/flutter_assets/AssetManifest.json
copying file ./Frameworks/App.framework/flutter_assets/FontManifest.json ... 
208 bytes for ./Frameworks/App.framework/flutter_assets/FontManifest.json
copying file ./Frameworks/App.framework/flutter_assets/packages/cupertino_icons/assets/CupertinoIcons.ttf ... 
2019-09-24 19:19:28 +0000  97680 bytes for ./Frameworks/App.framework/flutter_assets/packages/cupertino_icons/assets/CupertinoIcons.ttf
2019-09-24 19:19:28 +0000  copying file ./Frameworks/App.framework/flutter_assets/fonts/MaterialIcons-Regular.ttf ... 
2019-09-24 19:19:28 +0000  134640 bytes for ./Frameworks/App.framework/flutter_assets/fonts/MaterialIcons-Regular.ttf
2019-09-24 19:19:28 +0000  copying file ./Frameworks/App.framework/flutter_assets/assets/mobilenet_v1_1.0_224.tflite ... 
2019-09-24 19:19:28 +0000  16900960 bytes for ./Frameworks/App.framework/flutter_assets/assets/mobilenet_v1_1.0_224.tflite
2019-09-24 19:19:28 +0000  copying file ./Frameworks/App.framework/flutter_assets/assets/posenet_mv1_075_float_from_checkpoints.tflite ... 
2019-09-24 19:19:28 +0000  5044344 bytes for ./Frameworks/App.framework/flutter_assets/assets/posenet_mv1_075_float_from_checkpoints.tflite
2019-09-24 19:19:28 +0000  copying file ./Frameworks/App.framework/flutter_assets/assets/yolov2_tiny.tflite ... 
2019-09-24 19:19:28 +0000  44927136 bytes for ./Frameworks/App.framework/flutter_assets/assets/yolov2_tiny.tflite
2019-09-24 19:19:28 +0000  copying file ./Frameworks/App.framework/flutter_assets/assets/yolov2_tiny.txt ... 
625 bytes for ./Frameworks/App.framework/flutter_assets/assets/yolov2_tiny.txt
copying file ./Frameworks/App.framework/flutter_assets/assets/mobilenet_v1_1.0_224.txt ... 
10484 bytes for ./Frameworks/App.framework/flutter_assets/assets/mobilenet_v1_1.0_224.txt
copying file ./Frameworks/App.framework/flutter_assets/assets/ssd_mobilenet.txt ... 
665 bytes for ./Frameworks/App.framework/flutter_assets/assets/ssd_mobilenet.txt
copying file ./Frameworks/App.framework/flutter_assets/assets/ssd_mobilenet.tflite ... 
2019-09-24 19:19:28 +0000  4183312 bytes for ./Frameworks/App.framework/flutter_assets/assets/ssd_mobilenet.tflite
2019-09-24 19:19:28 +0000  copying file ./Frameworks/App.framework/Info.plist ... 
773 bytes for ./Frameworks/App.framework/Info.plist
copying file ./AppIcon20x20~ipad.png ... 
531 bytes for ./AppIcon20x20~ipad.png
copying file ./embedded.mobileprovision ... 
7563 bytes for ./embedded.mobileprovision
2019-09-24 19:19:28 +0000  copying file ./AppIcon20x20@2x~ipad.png ... 
2019-09-24 19:19:28 +0000  1304 bytes for ./AppIcon20x20@2x~ipad.png
copying file ./Info.plist ... 
2019-09-24 19:19:28 +0000  1479 bytes for ./Info.plist
2019-09-24 19:19:28 +0000  copying file ./PkgInfo ... 
2019-09-24 19:19:28 +0000  8 bytes for ./PkgInfo
2019-09-24 19:19:28 +0000  copying file ./AppIcon76x76~ipad.png ... 
2019-09-24 19:19:28 +0000  2357 bytes for ./AppIcon76x76~ipad.png
2019-09-24 19:19:28 +0000  /usr/bin/ditto exited with 0
2019-09-24 19:19:28 +0000  Processing step: IDEDistributionEmbedProfileStep
2019-09-24 19:19:28 +0000  Skipping profile for item: <IDEDistributionItem: 0x7fa2b93cdb20 'io.flutter.flutter.app' '<DVTFilePath:0x7fa2b94b8df0:'/Users/stevensheng/Library/Developer/Xcode/Archives/2019-09-24/Runner 2019-09-24, 3.16 PM.xcarchive/Products/Applications/Runner.app/Frameworks/App.framework'>'>
2019-09-24 19:19:28 +0000  Skipping profile for item: <IDEDistributionItem: 0x7fa2b63bf790 'io.flutter.flutter' '<DVTFilePath:0x7fa2b92e8430:'/Users/stevensheng/Library/Developer/Xcode/Archives/2019-09-24/Runner 2019-09-24, 3.16 PM.xcarchive/Products/Applications/Runner.app/Frameworks/Flutter.framework'>'>
2019-09-24 19:19:28 +0000  Processing step: IDEDistributionAppThinningPlistStep
2019-09-24 19:19:28 +0000  Skipping step: IDEDistributionAppThinningPlistStep because it said so
2019-09-24 19:19:28 +0000  Processing step: IDEDistributionCompileBitcodeStep
2019-09-24 19:19:28 +0000  Skipping step: IDEDistributionCompileBitcodeStep because it said so
2019-09-24 19:19:28 +0000  Processing step: IDEDistributionCodeSlimmingStep
2019-09-24 19:19:28 +0000  Processing step: IDEDistributionCopyBCSymbolMapsStep
2019-09-24 19:19:28 +0000  Skipping step: IDEDistributionCopyBCSymbolMapsStep because it said so
2019-09-24 19:19:28 +0000  Skipping step: IDEDistributionCopyBCSymbolMapsStep because it said so
2019-09-24 19:19:28 +0000  Skipping step: IDEDistributionCopyBCSymbolMapsStep because it said so
2019-09-24 19:19:28 +0000  Processing step: IDEDistributionSymbolsStep
2019-09-24 19:19:28 +0000  Skipping step: IDEDistributionSymbolsStep because it said so
2019-09-24 19:19:28 +0000  Skipping step: IDEDistributionSymbolsStep because it said so
2019-09-24 19:19:28 +0000  Skipping step: IDEDistributionSymbolsStep because it said so
2019-09-24 19:19:28 +0000  Processing step: IDEDistributionAppThinningStep
2019-09-24 19:19:28 +0000  Skipping step: IDEDistributionAppThinningStep because it said so
2019-09-24 19:19:28 +0000  Processing step: IDEDistributionArchThinningStep
2019-09-24 19:19:28 +0000  Running /Applications/Xcode.app/Contents/Developer/Toolchains/XcodeDefault.xctoolchain/usr/bin/lipo '/var/folders/kj/k6v74wln2zx4zhv_z7fyzz8h0000gn/T/XcodeDistPipeline.~~~bG8mMJ/Root/Payload/Runner.app/Frameworks/App.framework/App' '-verify_arch' 'arm64e'
2019-09-24 19:19:28 +0000  /Applications/Xcode.app/Contents/Developer/Toolchains/XcodeDefault.xctoolchain/usr/bin/lipo exited with 1
2019-09-24 19:19:28 +0000  Skipping architecture thinning for item "App" because arch "arm64e" wasn't found
2019-09-24 19:19:28 +0000  Running /Applications/Xcode.app/Contents/Developer/Toolchains/XcodeDefault.xctoolchain/usr/bin/lipo '/var/folders/kj/k6v74wln2zx4zhv_z7fyzz8h0000gn/T/XcodeDistPipeline.~~~bG8mMJ/Root/Payload/Runner.app/Frameworks/Flutter.framework/Flutter' '-verify_arch' 'arm64e'
2019-09-24 19:19:29 +0000  /Applications/Xcode.app/Contents/Developer/Toolchains/XcodeDefault.xctoolchain/usr/bin/lipo exited with 1
2019-09-24 19:19:29 +0000  Skipping architecture thinning for item "Flutter" because arch "arm64e" wasn't found
2019-09-24 19:19:29 +0000  Running /Applications/Xcode.app/Contents/Developer/Toolchains/XcodeDefault.xctoolchain/usr/bin/lipo '/var/folders/kj/k6v74wln2zx4zhv_z7fyzz8h0000gn/T/XcodeDistPipeline.~~~bG8mMJ/Root/Payload/Runner.app/Runner' '-verify_arch' 'arm64e'
2019-09-24 19:19:29 +0000  /Applications/Xcode.app/Contents/Developer/Toolchains/XcodeDefault.xctoolchain/usr/bin/lipo exited with 1
2019-09-24 19:19:29 +0000  Skipping architecture thinning for item "Runner" because arch "arm64e" wasn't found
2019-09-24 19:19:29 +0000  Processing step: IDEDistributionODRStep
2019-09-24 19:19:29 +0000  Processing step: IDEDistributionStripXattrsStep
2019-09-24 19:19:29 +0000  Skipping stripping extended attributes of item: <IDEDistributionItem: 0x7fa2b93cdb20 'io.flutter.flutter.app' '<DVTFilePath:0x7fa2b94b8df0:'/Users/stevensheng/Library/Developer/Xcode/Archives/2019-09-24/Runner 2019-09-24, 3.16 PM.xcarchive/Products/Applications/Runner.app/Frameworks/App.framework'>'>
2019-09-24 19:19:29 +0000  Skipping stripping extended attributes of item: <IDEDistributionItem: 0x7fa2b63bf790 'io.flutter.flutter' '<DVTFilePath:0x7fa2b92e8430:'/Users/stevensheng/Library/Developer/Xcode/Archives/2019-09-24/Runner 2019-09-24, 3.16 PM.xcarchive/Products/Applications/Runner.app/Frameworks/Flutter.framework'>'>
2019-09-24 19:19:29 +0000  Running /usr/bin/xattr '-crs' '/var/folders/kj/k6v74wln2zx4zhv_z7fyzz8h0000gn/T/XcodeDistPipeline.~~~bG8mMJ/Root/Payload/Runner.app'
2019-09-24 19:19:29 +0000  /usr/bin/xattr exited with 0
2019-09-24 19:19:29 +0000  Processing step: IDEDistributionCodesignStep
2019-09-24 19:19:29 +0000  Entitlements for <IDEDistributionItem: 0x7fa2b93cdb20 'io.flutter.flutter.app' '<DVTFilePath:0x7fa2b94b8df0:'/Users/stevensheng/Library/Developer/Xcode/Archives/2019-09-24/Runner 2019-09-24, 3.16 PM.xcarchive/Products/Applications/Runner.app/Frameworks/App.framework'>'>: {
}
2019-09-24 19:19:29 +0000  Writing entitlements for <IDEDistributionItem: 0x7fa2b93cdb20 'io.flutter.flutter.app' '<DVTFilePath:0x7fa2b94b8df0:'/Users/stevensheng/Library/Developer/Xcode/Archives/2019-09-24/Runner 2019-09-24, 3.16 PM.xcarchive/Products/Applications/Runner.app/Frameworks/App.framework'>'> to: /var/folders/kj/k6v74wln2zx4zhv_z7fyzz8h0000gn/T/XcodeDistPipeline.~~~bG8mMJ/entitlements~~~kLocN4
2019-09-24 19:19:29 +0000  Running /usr/bin/codesign '-vvv' '--force' '--sign' '20AF49E035A9181B471254EAC01DADB0FB67EFD5' '--entitlements' '/var/folders/kj/k6v74wln2zx4zhv_z7fyzz8h0000gn/T/XcodeDistPipeline.~~~bG8mMJ/entitlements~~~kLocN4' '--preserve-metadata=identifier,flags,runtime' '/var/folders/kj/k6v74wln2zx4zhv_z7fyzz8h0000gn/T/XcodeDistPipeline.~~~bG8mMJ/Root/Payload/Runner.app/Frameworks/App.framework'
2019-09-24 19:19:29 +0000  /var/folders/kj/k6v74wln2zx4zhv_z7fyzz8h0000gn/T/XcodeDistPipeline.~~~bG8mMJ/Root/Payload/Runner.app/Frameworks/App.framework: replacing existing signature
2019-09-24 19:19:29 +0000  /var/folders/kj/k6v74wln2zx4zhv_z7fyzz8h0000gn/T/XcodeDistPipeline.~~~bG8mMJ/Root/Payload/Runner.app/Frameworks/App.framework: signed bundle with Mach-O universal (armv7 arm64) [io.flutter.flutter.app]
2019-09-24 19:19:29 +0000  /usr/bin/codesign exited with 0
2019-09-24 19:19:29 +0000  Entitlements for <IDEDistributionItem: 0x7fa2b63bf790 'io.flutter.flutter' '<DVTFilePath:0x7fa2b92e8430:'/Users/stevensheng/Library/Developer/Xcode/Archives/2019-09-24/Runner 2019-09-24, 3.16 PM.xcarchive/Products/Applications/Runner.app/Frameworks/Flutter.framework'>'>: {
}
2019-09-24 19:19:29 +0000  Writing entitlements for <IDEDistributionItem: 0x7fa2b63bf790 'io.flutter.flutter' '<DVTFilePath:0x7fa2b92e8430:'/Users/stevensheng/Library/Developer/Xcode/Archives/2019-09-24/Runner 2019-09-24, 3.16 PM.xcarchive/Products/Applications/Runner.app/Frameworks/Flutter.framework'>'> to: /var/folders/kj/k6v74wln2zx4zhv_z7fyzz8h0000gn/T/XcodeDistPipeline.~~~bG8mMJ/entitlements~~~hjvM8U
2019-09-24 19:19:29 +0000  Running /usr/bin/codesign '-vvv' '--force' '--sign' '20AF49E035A9181B471254EAC01DADB0FB67EFD5' '--entitlements' '/var/folders/kj/k6v74wln2zx4zhv_z7fyzz8h0000gn/T/XcodeDistPipeline.~~~bG8mMJ/entitlements~~~hjvM8U' '--preserve-metadata=identifier,flags,runtime' '/var/folders/kj/k6v74wln2zx4zhv_z7fyzz8h0000gn/T/XcodeDistPipeline.~~~bG8mMJ/Root/Payload/Runner.app/Frameworks/Flutter.framework'
2019-09-24 19:19:29 +0000  /var/folders/kj/k6v74wln2zx4zhv_z7fyzz8h0000gn/T/XcodeDistPipeline.~~~bG8mMJ/Root/Payload/Runner.app/Frameworks/Flutter.framework: replacing existing signature
2019-09-24 19:19:30 +0000  /var/folders/kj/k6v74wln2zx4zhv_z7fyzz8h0000gn/T/XcodeDistPipeline.~~~bG8mMJ/Root/Payload/Runner.app/Frameworks/Flutter.framework: signed bundle with Mach-O universal (armv7 arm64) [io.flutter.flutter]
2019-09-24 19:19:30 +0000  /usr/bin/codesign exited with 0
2019-09-24 19:19:30 +0000  Entitlements for <IDEDistributionItem: 0x7fa2b9845580 'com.example.exampleRealtime' '<DVTFilePath:0x7fa2b67c5150:'/Users/stevensheng/Library/Developer/Xcode/Archives/2019-09-24/Runner 2019-09-24, 3.16 PM.xcarchive/Products/Applications/Runner.app'>'>: {
    "application-identifier" = "PVKX7A2J39.com.example.exampleRealtime";
    "com.apple.developer.team-identifier" = PVKX7A2J39;
    "get-task-allow" = 0;
    "keychain-access-groups" =     (
        "PVKX7A2J39.com.example.exampleRealtime"
    );
}
2019-09-24 19:19:30 +0000  Writing entitlements for <IDEDistributionItem: 0x7fa2b9845580 'com.example.exampleRealtime' '<DVTFilePath:0x7fa2b67c5150:'/Users/stevensheng/Library/Developer/Xcode/Archives/2019-09-24/Runner 2019-09-24, 3.16 PM.xcarchive/Products/Applications/Runner.app'>'> to: /var/folders/kj/k6v74wln2zx4zhv_z7fyzz8h0000gn/T/XcodeDistPipeline.~~~bG8mMJ/entitlements~~~Q45cyI
2019-09-24 19:19:30 +0000  Running /usr/bin/codesign '-vvv' '--force' '--sign' '20AF49E035A9181B471254EAC01DADB0FB67EFD5' '--entitlements' '/var/folders/kj/k6v74wln2zx4zhv_z7fyzz8h0000gn/T/XcodeDistPipeline.~~~bG8mMJ/entitlements~~~Q45cyI' '--preserve-metadata=identifier,flags,runtime' '/var/folders/kj/k6v74wln2zx4zhv_z7fyzz8h0000gn/T/XcodeDistPipeline.~~~bG8mMJ/Root/Payload/Runner.app'
2019-09-24 19:19:30 +0000  /var/folders/kj/k6v74wln2zx4zhv_z7fyzz8h0000gn/T/XcodeDistPipeline.~~~bG8mMJ/Root/Payload/Runner.app: replacing existing signature
2019-09-24 19:19:30 +0000  /var/folders/kj/k6v74wln2zx4zhv_z7fyzz8h0000gn/T/XcodeDistPipeline.~~~bG8mMJ/Root/Payload/Runner.app: signed app bundle with Mach-O universal (armv7 arm64) [com.example.exampleRealtime]
2019-09-24 19:19:30 +0000  /usr/bin/codesign exited with 0
2019-09-24 19:19:30 +0000  Processing step: IDEDistributionZipODRItemStep
2019-09-24 19:19:30 +0000  Skipping step: IDEDistributionZipODRItemStep because it said so
2019-09-24 19:19:30 +0000  Skipping step: IDEDistributionZipODRItemStep because it said so
2019-09-24 19:19:30 +0000  Skipping step: IDEDistributionZipODRItemStep because it said so
2019-09-24 19:19:30 +0000  Processing step: IDEDistributionCreateIPAStep
2019-09-24 19:19:30 +0000  Running /usr/bin/ditto '-V' '-c' '-k' '--norsrc' '/var/folders/kj/k6v74wln2zx4zhv_z7fyzz8h0000gn/T/XcodeDistPipeline.~~~bG8mMJ/Root' '/var/folders/kj/k6v74wln2zx4zhv_z7fyzz8h0000gn/T/XcodeDistPipeline.~~~bG8mMJ/Packages/Runner.ipa'
2019-09-24 19:19:30 +0000  >>> Copying /var/folders/kj/k6v74wln2zx4zhv_z7fyzz8h0000gn/T/XcodeDistPipeline.~~~bG8mMJ/Root 
2019-09-24 19:19:30 +0000  copying file ./Payload/Runner.app/_CodeSignature/CodeResources ... 
2019-09-24 19:19:30 +0000  17773 bytes for ./Payload/Runner.app/_CodeSignature/CodeResources
copying file ./Payload/Runner.app/AppIcon20x20@2x.png ... 
2019-09-24 19:19:30 +0000  1304 bytes for ./Payload/Runner.app/AppIcon20x20@2x.png
copying file ./Payload/Runner.app/AppIcon20x20@3x.png ... 
2019-09-24 19:19:30 +0000  1883 bytes for ./Payload/Runner.app/AppIcon20x20@3x.png
copying file ./Payload/Runner.app/AppIcon29x29.png ... 
2019-09-24 19:19:30 +0000  1010 bytes for ./Payload/Runner.app/AppIcon29x29.png
copying file ./Payload/Runner.app/AppIcon60x60@2x.png ... 
2019-09-24 19:19:30 +0000  3364 bytes for ./Payload/Runner.app/AppIcon60x60@2x.png
copying file ./Payload/Runner.app/Runner ... 
2019-09-24 19:19:30 +0000  2642848 bytes for ./Payload/Runner.app/Runner
copying file ./Payload/Runner.app/AppIcon29x29@2x.png ... 
2019-09-24 19:19:30 +0000  1767 bytes for ./Payload/Runner.app/AppIcon29x29@2x.png
copying file ./Payload/Runner.app/AppIcon40x40@3x.png ... 
3364 bytes for ./Payload/Runner.app/AppIcon40x40@3x.png
copying file ./Payload/Runner.app/Debug.xcconfig ... 
106 bytes for ./Payload/Runner.app/Debug.xcconfig
copying file ./Payload/Runner.app/AppIcon29x29~ipad.png ... 
1010 bytes for ./Payload/Runner.app/AppIcon29x29~ipad.png
copying file ./Payload/Runner.app/AppIcon40x40@2x.png ... 
2019-09-24 19:19:30 +0000  2389 bytes for ./Payload/Runner.app/AppIcon40x40@2x.png
copying file ./Payload/Runner.app/AppIcon29x29@3x.png ... 
2019-09-24 19:19:30 +0000  2427 bytes for ./Payload/Runner.app/AppIcon29x29@3x.png
copying file ./Payload/Runner.app/AppIcon60x60@3x.png ... 
2019-09-24 19:19:30 +0000  4812 bytes for ./Payload/Runner.app/AppIcon60x60@3x.png
copying file ./Payload/Runner.app/Base.lproj/Main.storyboardc/UIViewController-BYZ-38-t0r.nib ... 
2019-09-24 19:19:30 +0000  923 bytes for ./Payload/Runner.app/Base.lproj/Main.storyboardc/UIViewController-BYZ-38-t0r.nib
copying file ./Payload/Runner.app/Base.lproj/Main.storyboardc/BYZ-38-t0r-view-8bC-Xf-vdC.nib ... 
2019-09-24 19:19:30 +0000  1791 bytes for ./Payload/Runner.app/Base.lproj/Main.storyboardc/BYZ-38-t0r-view-8bC-Xf-vdC.nib
copying file ./Payload/Runner.app/Base.lproj/Main.storyboardc/Info.plist ... 
2019-09-24 19:19:30 +0000  258 bytes for ./Payload/Runner.app/Base.lproj/Main.storyboardc/Info.plist
copying file ./Payload/Runner.app/Base.lproj/LaunchScreen.storyboardc/01J-lp-oVM-view-Ze5-6b-2t3.nib ... 
2019-09-24 19:19:30 +0000  2159 bytes for ./Payload/Runner.app/Base.lproj/LaunchScreen.storyboardc/01J-lp-oVM-view-Ze5-6b-2t3.nib
copying file ./Payload/Runner.app/Base.lproj/LaunchScreen.storyboardc/UIViewController-01J-lp-oVM.nib ... 
832 bytes for ./Payload/Runner.app/Base.lproj/LaunchScreen.storyboardc/UIViewController-01J-lp-oVM.nib
copying file ./Payload/Runner.app/Base.lproj/LaunchScreen.storyboardc/Info.plist ... 
2019-09-24 19:19:30 +0000  258 bytes for ./Payload/Runner.app/Base.lproj/LaunchScreen.storyboardc/Info.plist
copying file ./Payload/Runner.app/Assets.car ... 
2019-09-24 19:19:30 +0000  90088 bytes for ./Payload/Runner.app/Assets.car
copying file ./Payload/Runner.app/AppFrameworkInfo.plist ... 
2019-09-24 19:19:30 +0000  376 bytes for ./Payload/Runner.app/AppFrameworkInfo.plist
copying file ./Payload/Runner.app/AppIcon40x40@2x~ipad.png ... 
2019-09-24 19:19:30 +0000  2389 bytes for ./Payload/Runner.app/AppIcon40x40@2x~ipad.png
copying file ./Payload/Runner.app/AppIcon76x76@2x~ipad.png ... 
2019-09-24 19:19:30 +0000  4121 bytes for ./Payload/Runner.app/AppIcon76x76@2x~ipad.png
copying file ./Payload/Runner.app/AppIcon83.5x83.5@2x~ipad.png ... 
2019-09-24 19:19:30 +0000  4539 bytes for ./Payload/Runner.app/AppIcon83.5x83.5@2x~ipad.png
copying file ./Payload/Runner.app/AppIcon29x29@2x~ipad.png ... 
2019-09-24 19:19:30 +0000  1767 bytes for ./Payload/Runner.app/AppIcon29x29@2x~ipad.png
copying file ./Payload/Runner.app/AppIcon40x40~ipad.png ... 
1304 bytes for ./Payload/Runner.app/AppIcon40x40~ipad.png
2019-09-24 19:19:30 +0000  copying file ./Payload/Runner.app/Frameworks/Flutter.framework/_CodeSignature/CodeResources ... 
2019-09-24 19:19:30 +0000  2084 bytes for ./Payload/Runner.app/Frameworks/Flutter.framework/_CodeSignature/CodeResources
copying file ./Payload/Runner.app/Frameworks/Flutter.framework/icudtl.dat ... 
2019-09-24 19:19:31 +0000  883280 bytes for ./Payload/Runner.app/Frameworks/Flutter.framework/icudtl.dat
copying file ./Payload/Runner.app/Frameworks/Flutter.framework/Flutter ... 
2019-09-24 19:19:33 +0000  59605824 bytes for ./Payload/Runner.app/Frameworks/Flutter.framework/Flutter
copying file ./Payload/Runner.app/Frameworks/Flutter.framework/Info.plist ... 
2019-09-24 19:19:33 +0000  963 bytes for ./Payload/Runner.app/Frameworks/Flutter.framework/Info.plist
copying file ./Payload/Runner.app/Frameworks/App.framework/_CodeSignature/CodeResources ... 
5938 bytes for ./Payload/Runner.app/Frameworks/App.framework/_CodeSignature/CodeResources
copying file ./Payload/Runner.app/Frameworks/App.framework/App ... 
2019-09-24 19:19:33 +0000  10242336 bytes for ./Payload/Runner.app/Frameworks/App.framework/App
2019-09-24 19:19:33 +0000  copying file ./Payload/Runner.app/Frameworks/App.framework/flutter_assets/LICENSE ... 
2019-09-24 19:19:33 +0000  736477 bytes for ./Payload/Runner.app/Frameworks/App.framework/flutter_assets/LICENSE
copying file ./Payload/Runner.app/Frameworks/App.framework/flutter_assets/AssetManifest.json ... 
2019-09-24 19:19:33 +0000  595 bytes for ./Payload/Runner.app/Frameworks/App.framework/flutter_assets/AssetManifest.json
copying file ./Payload/Runner.app/Frameworks/App.framework/flutter_assets/FontManifest.json ... 
208 bytes for ./Payload/Runner.app/Frameworks/App.framework/flutter_assets/FontManifest.json
2019-09-24 19:19:33 +0000  copying file ./Payload/Runner.app/Frameworks/App.framework/flutter_assets/packages/cupertino_icons/assets/CupertinoIcons.ttf ... 
2019-09-24 19:19:33 +0000  97680 bytes for ./Payload/Runner.app/Frameworks/App.framework/flutter_assets/packages/cupertino_icons/assets/CupertinoIcons.ttf
2019-09-24 19:19:33 +0000  copying file ./Payload/Runner.app/Frameworks/App.framework/flutter_assets/fonts/MaterialIcons-Regular.ttf ... 
2019-09-24 19:19:33 +0000  134640 bytes for ./Payload/Runner.app/Frameworks/App.framework/flutter_assets/fonts/MaterialIcons-Regular.ttf
2019-09-24 19:19:33 +0000  copying file ./Payload/Runner.app/Frameworks/App.framework/flutter_assets/assets/mobilenet_v1_1.0_224.tflite ... 
2019-09-24 19:19:34 +0000  16900960 bytes for ./Payload/Runner.app/Frameworks/App.framework/flutter_assets/assets/mobilenet_v1_1.0_224.tflite
copying file ./Payload/Runner.app/Frameworks/App.framework/flutter_assets/assets/posenet_mv1_075_float_from_checkpoints.tflite ... 
2019-09-24 19:19:34 +0000  5044344 bytes for ./Payload/Runner.app/Frameworks/App.framework/flutter_assets/assets/posenet_mv1_075_float_from_checkpoints.tflite
copying file ./Payload/Runner.app/Frameworks/App.framework/flutter_assets/assets/yolov2_tiny.tflite ... 
2019-09-24 19:19:36 +0000  44927136 bytes for ./Payload/Runner.app/Frameworks/App.framework/flutter_assets/assets/yolov2_tiny.tflite
copying file ./Payload/Runner.app/Frameworks/App.framework/flutter_assets/assets/yolov2_tiny.txt ... 
2019-09-24 19:19:36 +0000  625 bytes for ./Payload/Runner.app/Frameworks/App.framework/flutter_assets/assets/yolov2_tiny.txt
copying file ./Payload/Runner.app/Frameworks/App.framework/flutter_assets/assets/mobilenet_v1_1.0_224.txt ... 
10484 bytes for ./Payload/Runner.app/Frameworks/App.framework/flutter_assets/assets/mobilenet_v1_1.0_224.txt
copying file ./Payload/Runner.app/Frameworks/App.framework/flutter_assets/assets/ssd_mobilenet.txt ... 
665 bytes for ./Payload/Runner.app/Frameworks/App.framework/flutter_assets/assets/ssd_mobilenet.txt
2019-09-24 19:19:36 +0000  copying file ./Payload/Runner.app/Frameworks/App.framework/flutter_assets/assets/ssd_mobilenet.tflite ... 
2019-09-24 19:19:36 +0000  4183312 bytes for ./Payload/Runner.app/Frameworks/App.framework/flutter_assets/assets/ssd_mobilenet.tflite
2019-09-24 19:19:36 +0000  copying file ./Payload/Runner.app/Frameworks/App.framework/Info.plist ... 
773 bytes for ./Payload/Runner.app/Frameworks/App.framework/Info.plist
copying file ./Payload/Runner.app/AppIcon20x20~ipad.png ... 
531 bytes for ./Payload/Runner.app/AppIcon20x20~ipad.png
copying file ./Payload/Runner.app/embedded.mobileprovision ... 
9507 bytes for ./Payload/Runner.app/embedded.mobileprovision
copying file ./Payload/Runner.app/AppIcon20x20@2x~ipad.png ... 
2019-09-24 19:19:36 +0000  1304 bytes for ./Payload/Runner.app/AppIcon20x20@2x~ipad.png
copying file ./Payload/Runner.app/Info.plist ... 
2019-09-24 19:19:36 +0000  1479 bytes for ./Payload/Runner.app/Info.plist
copying file ./Payload/Runner.app/PkgInfo ... 
8 bytes for ./Payload/Runner.app/PkgInfo
copying file ./Payload/Runner.app/AppIcon76x76~ipad.png ... 
2019-09-24 19:19:36 +0000  2357 bytes for ./Payload/Runner.app/AppIcon76x76~ipad.png
2019-09-24 19:19:36 +0000  /usr/bin/ditto exited with 0
2019-09-24 19:19:36 +0000  Processing step: IDEDistributionAppStoreInformationStep
2019-09-24 19:19:36 +0000  Skipping step: IDEDistributionAppStoreInformationStep because it said so
2019-09-24 19:19:36 +0000  Processing step: IDEDistributionCreateManifestStep
